# JRE version: OpenJDK Runtime Environment Microsoft-8035246 (17.0.8+7) (build 17.0.8+7-LTS)
# Java VM: OpenJDK 64-Bit Server VM Microsoft-8035246 (17.0.8+7-LTS, mixed mode, tiered, compressed oops, compressed class ptrs, g1 gc, windows-amd64)
GC Precious Log:
 CPUs: 12 total, 12 available
 Memory: 32675M
 Large Page Support: Disabled
 NUMA Support: Disabled
 Compressed Oops: Enabled (32-bit)
 Heap Region Size: 32M
 Heap Min Capacity: 32M
 Heap Initial Capacity: 512M
 Heap Max Capacity: 2G
 Pre-touch: Disabled
 Parallel Workers: 10
 Concurrent Workers: 3
 Concurrent Refinement Workers: 10
 Periodic GC: Disabled
Heap:
 garbage-first heap   total 2097152K, used 1626522K [0x0000000080000000, 0x0000000100000000)
  region size 32768K, 6 young (196608K), 1 survivors (32768K)
 Metaspace       used 229215K, committed 231168K, reserved 1310720K
  class space    used 31424K, committed 32384K, reserved 1048576K
GC Heap History (20 events):
Event: 305.908 GC heap before
{Heap before GC invocations=485 (full 1):
 garbage-first heap   total 2097152K, used 1816861K [0x0000000080000000, 0x0000000100000000)
  region size 32768K, 12 young (393216K), 2 survivors (65536K)
 Metaspace       used 228914K, committed 230912K, reserved 1310720K
  class space    used 31403K, committed 32384K, reserved 1048576K
}
Event: 305.916 GC heap after
{Heap after GC invocations=486 (full 1):
 garbage-first heap   total 2097152K, used 1489852K [0x0000000080000000, 0x0000000100000000)
  region size 32768K, 2 young (65536K), 2 survivors (65536K)
 Metaspace       used 228914K, committed 230912K, reserved 1310720K
  class space    used 31403K, committed 32384K, reserved 1048576K
}
Event: 306.203 GC heap before
{Heap before GC invocations=487 (full 1):
 garbage-first heap   total 2097152K, used 1817532K [0x0000000080000000, 0x0000000100000000)
  region size 32768K, 12 young (393216K), 2 survivors (65536K)
 Metaspace       used 228914K, committed 230912K, reserved 1310720K
  class space    used 31403K, committed 32384K, reserved 1048576K
}
Event: 306.210 GC heap after
{Heap after GC invocations=488 (full 1):
 garbage-first heap   total 2097152K, used 1491479K [0x0000000080000000, 0x0000000100000000)
  region size 32768K, 1 young (32768K), 1 survivors (32768K)
 Metaspace       used 228914K, committed 230912K, reserved 1310720K
  class space    used 31403K, committed 32384K, reserved 1048576K
}
Event: 306.775 GC heap before
{Heap before GC invocations=488 (full 1):
 garbage-first heap   total 2097152K, used 1851927K [0x0000000080000000, 0x0000000100000000)
  region size 32768K, 12 young (393216K), 1 survivors (32768K)
 Metaspace       used 228927K, committed 230912K, reserved 1310720K
  class space    used 31403K, committed 32384K, reserved 1048576K
}
Event: 306.786 GC heap after
{Heap after GC invocations=489 (full 1):
 garbage-first heap   total 2097152K, used 1485021K [0x0000000080000000, 0x0000000100000000)
  region size 32768K, 2 young (65536K), 2 survivors (65536K)
 Metaspace       used 228927K, committed 230912K, reserved 1310720K
  class space    used 31403K, committed 32384K, reserved 1048576K
}
Event: 307.485 GC heap before
{Heap before GC invocations=489 (full 1):
 garbage-first heap   total 2097152K, used 1812701K [0x0000000080000000, 0x0000000100000000)
  region size 32768K, 12 young (393216K), 2 survivors (65536K)
 Metaspace       used 228936K, committed 230912K, reserved 1310720K
  class space    used 31403K, committed 32384K, reserved 1048576K
}
Event: 307.492 GC heap after
{Heap after GC invocations=490 (full 1):
 garbage-first heap   total 2097152K, used 1486443K [0x0000000080000000, 0x0000000100000000)
  region size 32768K, 2 young (65536K), 2 survivors (65536K)
 Metaspace       used 228936K, committed 230912K, reserved 1310720K
  class space    used 31403K, committed 32384K, reserved 1048576K
}
Event: 307.986 GC heap before
{Heap before GC invocations=490 (full 1):
 garbage-first heap   total 2097152K, used 1814123K [0x0000000080000000, 0x0000000100000000)
  region size 32768K, 12 young (393216K), 2 survivors (65536K)
 Metaspace       used 228939K, committed 230912K, reserved 1310720K
  class space    used 31403K, committed 32384K, reserved 1048576K
}
Event: 307.996 GC heap after
{Heap after GC invocations=491 (full 1):
 garbage-first heap   total 2097152K, used 1495863K [0x0000000080000000, 0x0000000100000000)
  region size 32768K, 2 young (65536K), 2 survivors (65536K)
 Metaspace       used 228939K, committed 230912K, reserved 1310720K
  class space    used 31403K, committed 32384K, reserved 1048576K
}
Event: 308.409 GC heap before
{Heap before GC invocations=491 (full 1):
 garbage-first heap   total 2097152K, used 1823543K [0x0000000080000000, 0x0000000100000000)
  region size 32768K, 12 young (393216K), 2 survivors (65536K)
 Metaspace       used 228956K, committed 230976K, reserved 1310720K
  class space    used 31404K, committed 32384K, reserved 1048576K
}
Event: 308.417 GC heap after
{Heap after GC invocations=492 (full 1):
 garbage-first heap   total 2097152K, used 1497917K [0x0000000080000000, 0x0000000100000000)
  region size 32768K, 2 young (65536K), 2 survivors (65536K)
 Metaspace       used 228956K, committed 230976K, reserved 1310720K
  class space    used 31404K, committed 32384K, reserved 1048576K
}
Event: 308.890 GC heap before
{Heap before GC invocations=493 (full 1):
 garbage-first heap   total 2097152K, used 1825597K [0x0000000080000000, 0x0000000100000000)
  region size 32768K, 12 young (393216K), 2 survivors (65536K)
 Metaspace       used 228972K, committed 230976K, reserved 1310720K
  class space    used 31407K, committed 32384K, reserved 1048576K
}
Event: 308.897 GC heap after
{Heap after GC invocations=494 (full 1):
 garbage-first heap   total 2097152K, used 1498933K [0x0000000080000000, 0x0000000100000000)
  region size 32768K, 2 young (65536K), 2 survivors (65536K)
 Metaspace       used 228972K, committed 230976K, reserved 1310720K
  class space    used 31407K, committed 32384K, reserved 1048576K
}
Event: 309.552 GC heap before
{Heap before GC invocations=494 (full 1):
 garbage-first heap   total 2097152K, used 1826613K [0x0000000080000000, 0x0000000100000000)
  region size 32768K, 12 young (393216K), 2 survivors (65536K)
 Metaspace       used 229041K, committed 231040K, reserved 1310720K
  class space    used 31422K, committed 32384K, reserved 1048576K
}
Event: 309.565 GC heap after
{Heap after GC invocations=495 (full 1):
 garbage-first heap   total 2097152K, used 1491407K [0x0000000080000000, 0x0000000100000000)
  region size 32768K, 2 young (65536K), 2 survivors (65536K)
 Metaspace       used 229041K, committed 231040K, reserved 1310720K
  class space    used 31422K, committed 32384K, reserved 1048576K
}
Event: 310.794 GC heap before
{Heap before GC invocations=495 (full 1):
 garbage-first heap   total 2097152K, used 1819087K [0x0000000080000000, 0x0000000100000000)
  region size 32768K, 12 young (393216K), 2 survivors (65536K)
 Metaspace       used 229090K, committed 231040K, reserved 1310720K
  class space    used 31422K, committed 32384K, reserved 1048576K
}
Event: 310.801 GC heap after
{Heap after GC invocations=496 (full 1):
 garbage-first heap   total 2097152K, used 1496373K [0x0000000080000000, 0x0000000100000000)
  region size 32768K, 2 young (65536K), 2 survivors (65536K)
 Metaspace       used 229090K, committed 231040K, reserved 1310720K
  class space    used 31422K, committed 32384K, reserved 1048576K
}
Event: 313.870 GC heap before
{Heap before GC invocations=497 (full 1):
 garbage-first heap   total 2097152K, used 1824053K [0x0000000080000000, 0x0000000100000000)
  region size 32768K, 12 young (393216K), 2 survivors (65536K)
 Metaspace       used 229135K, committed 231104K, reserved 1310720K
  class space    used 31424K, committed 32384K, reserved 1048576K
}
Event: 313.877 GC heap after
{Heap after GC invocations=498 (full 1):
 garbage-first heap   total 2097152K, used 1495450K [0x0000000080000000, 0x0000000100000000)
  region size 32768K, 1 young (32768K), 1 survivors (32768K)
 Metaspace       used 229135K, committed 231104K, reserved 1310720K
  class space    used 31424K, committed 32384K, reserved 1048576K
}

